<?xml version="1.0" encoding="UTF-8"?>
<testsuite xmlns:xsi="http://www.w3.org/2001/XMLSchema-instance" xsi:noNamespaceSchemaLocation="https://maven.apache.org/surefire/maven-surefire-plugin/xsd/surefire-test-report.xsd" name="StepDefinitions.TestRunnerForHooks" time="51.031" tests="2" errors="0" skipped="0" failures="0">
  <properties>
[...]
</properties>
  <testcase name="check login of user A is successful with valid credentials #1" classname="feature to test login functionality" time="26.19"/>
  <testcase name="check login of user A is successful with valid credentials #2" classname="feature to test login functionality" time="24.793"/>
</testsuite>